<?xml version="1.0" encoding="UTF-8"?>
<!-- Generated by org.testng.reporters.JUnitReportReporter -->
<testsuite hostname="LAPTOP-JJLOS5M5" failures="0" tests="4" name="automation.FitPeoAutomation" time="50.186" errors="0" timestamp="2024-11-26T19:16:40 IST" skipped="0">
  <testcase classname="automation.FitPeoAutomation" name="navigateToHomepage" time="4.460"/>
  <system-out/>
  <testcase classname="automation.FitPeoAutomation" name="navigateToRevenueCalculatorPage" time="1.299"/>
  <system-out/>
  <testcase classname="automation.FitPeoAutomation" name="adjustSliderAndUpdateTextField" time="34.220"/>
  <system-out/>
  <testcase classname="automation.FitPeoAutomation" name="selectCPTCodesAndValidateReimbursement" time="10.207"/>
  <system-out/>
</testsuite> <!-- automation.FitPeoAutomation -->
